0 info it worked if it ends with ok
1 verbose cli [ '/usr/local/bin/node',
1 verbose cli   '/usr/local/bin/npm',
1 verbose cli   'install',
1 verbose cli   '-g',
1 verbose cli   'ios-deploy' ]
2 info using npm@3.6.0
3 info using node@v5.7.1
4 silly loadCurrentTree Starting
5 silly install loadCurrentTree
6 silly install readGlobalPackageData
7 silly fetchPackageMetaData ios-deploy
8 silly fetchNamedPackageData ios-deploy
9 silly mapToRegistry name ios-deploy
10 silly mapToRegistry using default registry
11 silly mapToRegistry registry https://registry.npmjs.org/
12 silly mapToRegistry uri https://registry.npmjs.org/ios-deploy
13 verbose get https://registry.npmjs.org/ios-deploy not expired, no request
14 silly install normalizeTree
15 silly loadCurrentTree Finishing
16 silly loadIdealTree Starting
17 silly install loadIdealTree
18 silly cloneCurrentTree Starting
19 silly install cloneCurrentTreeToIdealTree
20 silly cloneCurrentTree Finishing
21 silly loadShrinkwrap Starting
22 silly install loadShrinkwrap
23 silly loadShrinkwrap Finishing
24 silly loadAllDepsIntoIdealTree Starting
25 silly install loadAllDepsIntoIdealTree
26 silly resolveWithNewModule ios-deploy@1.8.5 checking installable status
27 silly cache add args [ 'ios-deploy', null ]
28 verbose cache add spec ios-deploy
29 silly cache add parsed spec Result {
29 silly cache add   raw: 'ios-deploy',
29 silly cache add   scope: null,
29 silly cache add   name: 'ios-deploy',
29 silly cache add   rawSpec: '',
29 silly cache add   spec: 'latest',
29 silly cache add   type: 'tag' }
30 silly addNamed ios-deploy@latest
31 verbose addNamed "latest" is being treated as a dist-tag for ios-deploy
32 info addNameTag [ 'ios-deploy', 'latest' ]
33 silly mapToRegistry name ios-deploy
34 silly mapToRegistry using default registry
35 silly mapToRegistry registry https://registry.npmjs.org/
36 silly mapToRegistry uri https://registry.npmjs.org/ios-deploy
37 verbose addNameTag registry:https://registry.npmjs.org/ios-deploy not in flight; fetching
38 verbose get https://registry.npmjs.org/ios-deploy not expired, no request
39 silly addNameTag next cb for ios-deploy with tag latest
40 silly addNamed ios-deploy@1.8.5
41 verbose addNamed "1.8.5" is a plain semver version for ios-deploy
42 silly cache afterAdd ios-deploy@1.8.5
43 verbose afterAdd /Users/jeffjacquelot/.npm/ios-deploy/1.8.5/package/package.json not in flight; writing
44 verbose correctMkdir /Users/jeffjacquelot/.npm correctMkdir not in flight; initializing
45 verbose afterAdd /Users/jeffjacquelot/.npm/ios-deploy/1.8.5/package/package.json written
46 silly loadAllDepsIntoIdealTree Finishing
47 silly idealTree:prePrune lib
47 silly idealTree:prePrune └── ios-deploy@1.8.5
48 silly loadIdealTree Finishing
49 silly currentTree lib
50 silly idealTree lib
50 silly idealTree └── ios-deploy@1.8.5
51 silly generateActionsToTake Starting
52 silly install generateActionsToTake
53 silly generateActionsToTake Finishing
54 silly diffTrees action count 1
55 silly diffTrees add ios-deploy@1.8.5
56 silly decomposeActions action count 8
57 silly decomposeActions fetch ios-deploy@1.8.5
58 silly decomposeActions extract ios-deploy@1.8.5
59 silly decomposeActions test ios-deploy@1.8.5
60 silly decomposeActions preinstall ios-deploy@1.8.5
61 silly decomposeActions build ios-deploy@1.8.5
62 silly decomposeActions install ios-deploy@1.8.5
63 silly decomposeActions postinstall ios-deploy@1.8.5
64 silly decomposeActions finalize ios-deploy@1.8.5
65 silly executeActions Starting
66 silly install executeActions
67 silly doSerial global-install 0
68 silly doParallel fetch 1
69 verbose correctMkdir /Users/jeffjacquelot/.npm/_locks correctMkdir not in flight; initializing
70 verbose lock using /Users/jeffjacquelot/.npm/_locks/staging-3a08f0df5026584d.lock for /usr/local/lib/node_modules/.staging
71 silly doParallel extract 1
72 silly extract ios-deploy@1.8.5
73 verbose unbuild lib/node_modules/.staging/ios-deploy-298c9491
74 silly gentlyRm /usr/local/lib/node_modules/.staging/ios-deploy-298c9491 is being purged from base /usr/local
75 verbose gentlyRm don't care about contents; nuking /usr/local/lib/node_modules/.staging/ios-deploy-298c9491
76 verbose tar unpack /Users/jeffjacquelot/.npm/ios-deploy/1.8.5/package.tgz
77 verbose tar unpacking to /usr/local/lib/node_modules/.staging/ios-deploy-298c9491
78 silly gentlyRm /usr/local/lib/node_modules/.staging/ios-deploy-298c9491 is being purged
79 verbose gentlyRm don't care about contents; nuking /usr/local/lib/node_modules/.staging/ios-deploy-298c9491
80 silly gunzTarPerm modes [ '755', '644' ]
81 silly gunzTarPerm extractEntry package.json
82 silly gunzTarPerm extractEntry .npmignore
83 silly gunzTarPerm extractEntry README.md
84 silly gunzTarPerm extractEntry LICENSE
85 silly gunzTarPerm extractEntry CONTRIBUTING.md
86 silly gunzTarPerm extractEntry demo/.npmignore
87 silly gunzTarPerm extractEntry demo/Entitlements.plist
88 silly gunzTarPerm extractEntry demo/Info.plist
89 silly gunzTarPerm extractEntry demo/Makefile
90 silly gunzTarPerm extractEntry demo/ResourceRules.plist
91 silly gunzTarPerm extractEntry demo/demo.c
92 silly gunzTarPerm extractEntry ios-deploy.xcodeproj/project.pbxproj
93 silly gunzTarPerm extractEntry ios-deploy.xcodeproj/xcshareddata/xcschemes/ios-deploy-tests.xcscheme
94 silly gunzTarPerm extractEntry src/ios-deploy/MobileDevice.h
95 silly gunzTarPerm extractEntry src/ios-deploy/errors.h
96 silly gunzTarPerm extractEntry src/ios-deploy/ios-deploy.m
97 silly gunzTarPerm extractEntry src/ios-deploy/lldb.py.h
98 silly gunzTarPerm extractEntry src/ios-deploy/version.h
99 silly gunzTarPerm extractEntry src/ios-deploy-lib/libios_deploy.h
100 silly gunzTarPerm extractEntry src/ios-deploy-lib/libios_deploy.m
101 silly gunzTarPerm extractEntry src/ios-deploy-tests/Info.plist
102 silly gunzTarPerm extractEntry src/ios-deploy-tests/ios_deploy_tests.m
103 silly gunzTarPerm extractEntry src/scripts/check_reqs.js
104 silly gunzTarPerm extractEntry src/scripts/lldb.py
105 silly gunzTarPerm extractEntry src/scripts/lldb.pyc
106 silly gentlyRm /usr/local/lib/node_modules/.staging/ios-deploy-298c9491/node_modules is being purged
107 verbose gentlyRm don't care about contents; nuking /usr/local/lib/node_modules/.staging/ios-deploy-298c9491/node_modules
108 silly doParallel preinstall 1
109 silly preinstall ios-deploy@1.8.5 /usr/local/lib/node_modules/.staging/ios-deploy-298c9491
110 info lifecycle ios-deploy@1.8.5~preinstall: ios-deploy@1.8.5
111 warn lifecycle ios-deploy@1.8.5~preinstall: cannot run in wd %s %s (wd=%s) ios-deploy@1.8.5 ./src/scripts/check_reqs.js && xcodebuild /usr/local/lib/node_modules/.staging/ios-deploy-298c9491
112 silly doReverseSerial remove 0
113 silly doSerial move 0
114 silly doSerial finalize 1
115 silly finalize /usr/local/lib/node_modules/ios-deploy
116 silly doSerial build 1
117 silly build ios-deploy@1.8.5
118 info linkStuff ios-deploy@1.8.5
119 silly linkStuff ios-deploy@1.8.5 has /usr/local/lib/node_modules as its parent node_modules
120 silly linkStuff ios-deploy@1.8.5 is part of a global install
121 silly linkStuff ios-deploy@1.8.5 is installed into a global node_modules
122 silly linkStuff ios-deploy@1.8.5 is installed into the top-level global node_modules
123 verbose linkBins ios-deploy@1.8.5
124 verbose link bins [ { 'ios-deploy': './build/Release/ios-deploy' },
124 verbose link bins   '/usr/local/bin',
124 verbose link bins   true ]
125 verbose linkMans ios-deploy@1.8.5
126 verbose unlock done using /Users/jeffjacquelot/.npm/_locks/staging-3a08f0df5026584d.lock for /usr/local/lib/node_modules/.staging
127 silly rollbackFailedOptional Starting
128 silly rollbackFailedOptional Finishing
129 silly runTopLevelLifecycles Starting
130 silly runTopLevelLifecycles Finishing
131 silly install printInstalled
132 verbose stack Error: ENOENT: no such file or directory, chmod '/usr/local/lib/node_modules/ios-deploy/build/Release/ios-deploy'
132 verbose stack     at Error (native)
133 verbose cwd /Users/jeffjacquelot/projects-ionic/project-hackathon
134 error Darwin 15.3.0
135 error argv "/usr/local/bin/node" "/usr/local/bin/npm" "install" "-g" "ios-deploy"
136 error node v5.7.1
137 error npm  v3.6.0
138 error path /usr/local/lib/node_modules/ios-deploy/build/Release/ios-deploy
139 error code ENOENT
140 error errno -2
141 error syscall chmod
142 error enoent ENOENT: no such file or directory, chmod '/usr/local/lib/node_modules/ios-deploy/build/Release/ios-deploy'
143 error enoent ENOENT: no such file or directory, chmod '/usr/local/lib/node_modules/ios-deploy/build/Release/ios-deploy'
143 error enoent This is most likely not a problem with npm itself
143 error enoent and is related to npm not being able to find a file.
144 verbose exit [ -2, true ]
